# JRE version: OpenJDK Runtime Environment Temurin-21.0.8+9 (21.0.8+9) (build 21.0.8+9-LTS)
# Java VM: OpenJDK 64-Bit Server VM Temurin-21.0.8+9 (21.0.8+9-LTS, mixed mode, sharing, tiered, compressed oops, compressed class ptrs, parallel gc, windows-amd64)
GC Precious Log:
 CardTable entry size: 512
 CPUs: 12 total, 12 available
 Memory: 16068M
 Large Page Support: Disabled
 NUMA Support: Disabled
 Compressed Oops: Enabled (32-bit)
 Alignments: Space 512K, Generation 512K, Heap 2M
 Heap Min Capacity: 100M
 Heap Initial Capacity: 100M
 Heap Max Capacity: 2G
 Pre-touch: Disabled
 Parallel Workers: 10
Heap:
 PSYoungGen      total 14848K, used 2536K [0x00000000d5580000, 0x00000000d6680000, 0x0000000100000000)
  eden space 12288K, 0% used [0x00000000d5580000,0x00000000d5580000,0x00000000d6180000)
  from space 2560K, 99% used [0x00000000d6400000,0x00000000d667a0a0,0x00000000d6680000)
  to   space 2560K, 0% used [0x00000000d6180000,0x00000000d6180000,0x00000000d6400000)
 ParOldGen       total 92672K, used 92341K [0x0000000080000000, 0x0000000085a80000, 0x00000000d5580000)
  object space 92672K, 99% used [0x0000000080000000,0x0000000085a2d6f8,0x0000000085a80000)
 Metaspace       used 62510K, committed 63872K, reserved 1114112K
  class space    used 6694K, committed 7360K, reserved 1048576K
GC Heap History (20 events):
Event: 11.727 GC heap after
{Heap after GC invocations=43 (full 3):
 PSYoungGen      total 22528K, used 3871K [0x00000000d5580000, 0x00000000d7000000, 0x0000000100000000)
  eden space 18432K, 0% used [0x00000000d5580000,0x00000000d5580000,0x00000000d6780000)
  from space 4096K, 94% used [0x00000000d6c00000,0x00000000d6fc7ed0,0x00000000d7000000)
  to   space 4096K, 0% used [0x00000000d6800000,0x00000000d6800000,0x00000000d6c00000)
 ParOldGen       total 68608K, used 60567K [0x0000000080000000, 0x0000000084300000, 0x00000000d5580000)
  object space 68608K, 88% used [0x0000000080000000,0x0000000083b25cb0,0x0000000084300000)
 Metaspace       used 60101K, committed 61440K, reserved 1114112K
  class space    used 6517K, committed 7168K, reserved 1048576K
}
Event: 11.809 GC heap before
{Heap before GC invocations=44 (full 3):
 PSYoungGen      total 22528K, used 22303K [0x00000000d5580000, 0x00000000d7000000, 0x0000000100000000)
  eden space 18432K, 100% used [0x00000000d5580000,0x00000000d6780000,0x00000000d6780000)
  from space 4096K, 94% used [0x00000000d6c00000,0x00000000d6fc7ed0,0x00000000d7000000)
  to   space 4096K, 0% used [0x00000000d6800000,0x00000000d6800000,0x00000000d6c00000)
 ParOldGen       total 68608K, used 60567K [0x0000000080000000, 0x0000000084300000, 0x00000000d5580000)
  object space 68608K, 88% used [0x0000000080000000,0x0000000083b25cb0,0x0000000084300000)
 Metaspace       used 60320K, committed 61696K, reserved 1114112K
  class space    used 6533K, committed 7168K, reserved 1048576K
}
Event: 11.817 GC heap after
{Heap after GC invocations=44 (full 3):
 PSYoungGen      total 22528K, used 3937K [0x00000000d5580000, 0x00000000d6f80000, 0x0000000100000000)
  eden space 18432K, 0% used [0x00000000d5580000,0x00000000d5580000,0x00000000d6780000)
  from space 4096K, 96% used [0x00000000d6800000,0x00000000d6bd87d8,0x00000000d6c00000)
  to   space 3584K, 0% used [0x00000000d6c00000,0x00000000d6c00000,0x00000000d6f80000)
 ParOldGen       total 68608K, used 64211K [0x0000000080000000, 0x0000000084300000, 0x00000000d5580000)
  object space 68608K, 93% used [0x0000000080000000,0x0000000083eb4c40,0x0000000084300000)
 Metaspace       used 60320K, committed 61696K, reserved 1114112K
  class space    used 6533K, committed 7168K, reserved 1048576K
}
Event: 11.900 GC heap before
{Heap before GC invocations=45 (full 3):
 PSYoungGen      total 22528K, used 22369K [0x00000000d5580000, 0x00000000d6f80000, 0x0000000100000000)
  eden space 18432K, 100% used [0x00000000d5580000,0x00000000d6780000,0x00000000d6780000)
  from space 4096K, 96% used [0x00000000d6800000,0x00000000d6bd87d8,0x00000000d6c00000)
  to   space 3584K, 0% used [0x00000000d6c00000,0x00000000d6c00000,0x00000000d6f80000)
 ParOldGen       total 68608K, used 64211K [0x0000000080000000, 0x0000000084300000, 0x00000000d5580000)
  object space 68608K, 93% used [0x0000000080000000,0x0000000083eb4c40,0x0000000084300000)
 Metaspace       used 60580K, committed 61952K, reserved 1114112K
  class space    used 6554K, committed 7168K, reserved 1048576K
}
Event: 11.904 GC heap after
{Heap after GC invocations=45 (full 3):
 PSYoungGen      total 17920K, used 3559K [0x00000000d5580000, 0x00000000d7880000, 0x0000000100000000)
  eden space 14336K, 0% used [0x00000000d5580000,0x00000000d5580000,0x00000000d6380000)
  from space 3584K, 99% used [0x00000000d6c00000,0x00000000d6f79ca0,0x00000000d6f80000)
  to   space 8704K, 0% used [0x00000000d6380000,0x00000000d6380000,0x00000000d6c00000)
 ParOldGen       total 68608K, used 68415K [0x0000000080000000, 0x0000000084300000, 0x00000000d5580000)
  object space 68608K, 99% used [0x0000000080000000,0x00000000842cfdc8,0x0000000084300000)
 Metaspace       used 60580K, committed 61952K, reserved 1114112K
  class space    used 6554K, committed 7168K, reserved 1048576K
}
Event: 12.009 GC heap before
{Heap before GC invocations=46 (full 3):
 PSYoungGen      total 17920K, used 17895K [0x00000000d5580000, 0x00000000d7880000, 0x0000000100000000)
  eden space 14336K, 100% used [0x00000000d5580000,0x00000000d6380000,0x00000000d6380000)
  from space 3584K, 99% used [0x00000000d6c00000,0x00000000d6f79ca0,0x00000000d6f80000)
  to   space 8704K, 0% used [0x00000000d6380000,0x00000000d6380000,0x00000000d6c00000)
 ParOldGen       total 68608K, used 68415K [0x0000000080000000, 0x0000000084300000, 0x00000000d5580000)
  object space 68608K, 99% used [0x0000000080000000,0x00000000842cfdc8,0x0000000084300000)
 Metaspace       used 60869K, committed 62272K, reserved 1114112K
  class space    used 6570K, committed 7232K, reserved 1048576K
}
Event: 12.013 GC heap after
{Heap after GC invocations=46 (full 3):
 PSYoungGen      total 18432K, used 3878K [0x00000000d5580000, 0x00000000d6e80000, 0x0000000100000000)
  eden space 14336K, 0% used [0x00000000d5580000,0x00000000d5580000,0x00000000d6380000)
  from space 4096K, 94% used [0x00000000d6380000,0x00000000d6749bf8,0x00000000d6780000)
  to   space 5632K, 0% used [0x00000000d6900000,0x00000000d6900000,0x00000000d6e80000)
 ParOldGen       total 72192K, used 71800K [0x0000000080000000, 0x0000000084680000, 0x00000000d5580000)
  object space 72192K, 99% used [0x0000000080000000,0x000000008461e0a0,0x0000000084680000)
 Metaspace       used 60869K, committed 62272K, reserved 1114112K
  class space    used 6570K, committed 7232K, reserved 1048576K
}
Event: 12.076 GC heap before
{Heap before GC invocations=47 (full 3):
 PSYoungGen      total 18432K, used 18214K [0x00000000d5580000, 0x00000000d6e80000, 0x0000000100000000)
  eden space 14336K, 100% used [0x00000000d5580000,0x00000000d6380000,0x00000000d6380000)
  from space 4096K, 94% used [0x00000000d6380000,0x00000000d6749bf8,0x00000000d6780000)
  to   space 5632K, 0% used [0x00000000d6900000,0x00000000d6900000,0x00000000d6e80000)
 ParOldGen       total 72192K, used 71800K [0x0000000080000000, 0x0000000084680000, 0x00000000d5580000)
  object space 72192K, 99% used [0x0000000080000000,0x000000008461e0a0,0x0000000084680000)
 Metaspace       used 61037K, committed 62400K, reserved 1114112K
  class space    used 6581K, committed 7232K, reserved 1048576K
}
Event: 12.079 GC heap after
{Heap after GC invocations=47 (full 3):
 PSYoungGen      total 17920K, used 3212K [0x00000000d5580000, 0x00000000d6c80000, 0x0000000100000000)
  eden space 14336K, 0% used [0x00000000d5580000,0x00000000d5580000,0x00000000d6380000)
  from space 3584K, 89% used [0x00000000d6900000,0x00000000d6c23048,0x00000000d6c80000)
  to   space 4096K, 0% used [0x00000000d6480000,0x00000000d6480000,0x00000000d6880000)
 ParOldGen       total 75776K, used 75428K [0x0000000080000000, 0x0000000084a00000, 0x00000000d5580000)
  object space 75776K, 99% used [0x0000000080000000,0x00000000849a9160,0x0000000084a00000)
 Metaspace       used 61037K, committed 62400K, reserved 1114112K
  class space    used 6581K, committed 7232K, reserved 1048576K
}
Event: 12.134 GC heap before
{Heap before GC invocations=48 (full 3):
 PSYoungGen      total 17920K, used 17548K [0x00000000d5580000, 0x00000000d6c80000, 0x0000000100000000)
  eden space 14336K, 100% used [0x00000000d5580000,0x00000000d6380000,0x00000000d6380000)
  from space 3584K, 89% used [0x00000000d6900000,0x00000000d6c23048,0x00000000d6c80000)
  to   space 4096K, 0% used [0x00000000d6480000,0x00000000d6480000,0x00000000d6880000)
 ParOldGen       total 75776K, used 75428K [0x0000000080000000, 0x0000000084a00000, 0x00000000d5580000)
  object space 75776K, 99% used [0x0000000080000000,0x00000000849a9160,0x0000000084a00000)
 Metaspace       used 61227K, committed 62592K, reserved 1114112K
  class space    used 6582K, committed 7232K, reserved 1048576K
}
Event: 12.138 GC heap after
{Heap after GC invocations=48 (full 3):
 PSYoungGen      total 18432K, used 3739K [0x00000000d5580000, 0x00000000d6b80000, 0x0000000100000000)
  eden space 14336K, 0% used [0x00000000d5580000,0x00000000d5580000,0x00000000d6380000)
  from space 4096K, 91% used [0x00000000d6480000,0x00000000d6826d60,0x00000000d6880000)
  to   space 3072K, 0% used [0x00000000d6880000,0x00000000d6880000,0x00000000d6b80000)
 ParOldGen       total 78848K, used 78378K [0x0000000080000000, 0x0000000084d00000, 0x00000000d5580000)
  object space 78848K, 99% used [0x0000000080000000,0x0000000084c8aa88,0x0000000084d00000)
 Metaspace       used 61227K, committed 62592K, reserved 1114112K
  class space    used 6582K, committed 7232K, reserved 1048576K
}
Event: 12.211 GC heap before
{Heap before GC invocations=49 (full 3):
 PSYoungGen      total 18432K, used 18075K [0x00000000d5580000, 0x00000000d6b80000, 0x0000000100000000)
  eden space 14336K, 100% used [0x00000000d5580000,0x00000000d6380000,0x00000000d6380000)
  from space 4096K, 91% used [0x00000000d6480000,0x00000000d6826d60,0x00000000d6880000)
  to   space 3072K, 0% used [0x00000000d6880000,0x00000000d6880000,0x00000000d6b80000)
 ParOldGen       total 78848K, used 78378K [0x0000000080000000, 0x0000000084d00000, 0x00000000d5580000)
  object space 78848K, 99% used [0x0000000080000000,0x0000000084c8aa88,0x0000000084d00000)
 Metaspace       used 61511K, committed 62912K, reserved 1114112K
  class space    used 6598K, committed 7232K, reserved 1048576K
}
Event: 12.214 GC heap after
{Heap after GC invocations=49 (full 3):
 PSYoungGen      total 15360K, used 3057K [0x00000000d5580000, 0x00000000d7180000, 0x0000000100000000)
  eden space 12288K, 0% used [0x00000000d5580000,0x00000000d5580000,0x00000000d6180000)
  from space 3072K, 99% used [0x00000000d6880000,0x00000000d6b7c5b8,0x00000000d6b80000)
  to   space 7168K, 0% used [0x00000000d6180000,0x00000000d6180000,0x00000000d6880000)
 ParOldGen       total 81920K, used 81717K [0x0000000080000000, 0x0000000085000000, 0x00000000d5580000)
  object space 81920K, 99% used [0x0000000080000000,0x0000000084fcd6a0,0x0000000085000000)
 Metaspace       used 61511K, committed 62912K, reserved 1114112K
  class space    used 6598K, committed 7232K, reserved 1048576K
}
Event: 12.278 GC heap before
{Heap before GC invocations=50 (full 3):
 PSYoungGen      total 15360K, used 15345K [0x00000000d5580000, 0x00000000d7180000, 0x0000000100000000)
  eden space 12288K, 100% used [0x00000000d5580000,0x00000000d6180000,0x00000000d6180000)
  from space 3072K, 99% used [0x00000000d6880000,0x00000000d6b7c5b8,0x00000000d6b80000)
  to   space 7168K, 0% used [0x00000000d6180000,0x00000000d6180000,0x00000000d6880000)
 ParOldGen       total 81920K, used 81717K [0x0000000080000000, 0x0000000085000000, 0x00000000d5580000)
  object space 81920K, 99% used [0x0000000080000000,0x0000000084fcd6a0,0x0000000085000000)
 Metaspace       used 61552K, committed 62912K, reserved 1114112K
  class space    used 6601K, committed 7232K, reserved 1048576K
}
Event: 12.281 GC heap after
{Heap after GC invocations=50 (full 3):
 PSYoungGen      total 15360K, used 2900K [0x00000000d5580000, 0x00000000d6a80000, 0x0000000100000000)
  eden space 12288K, 0% used [0x00000000d5580000,0x00000000d5580000,0x00000000d6180000)
  from space 3072K, 94% used [0x00000000d6180000,0x00000000d6455240,0x00000000d6480000)
  to   space 4608K, 0% used [0x00000000d6600000,0x00000000d6600000,0x00000000d6a80000)
 ParOldGen       total 84992K, used 84588K [0x0000000080000000, 0x0000000085300000, 0x00000000d5580000)
  object space 84992K, 99% used [0x0000000080000000,0x000000008529b370,0x0000000085300000)
 Metaspace       used 61552K, committed 62912K, reserved 1114112K
  class space    used 6601K, committed 7232K, reserved 1048576K
}
Event: 12.335 GC heap before
{Heap before GC invocations=51 (full 3):
 PSYoungGen      total 15360K, used 15188K [0x00000000d5580000, 0x00000000d6a80000, 0x0000000100000000)
  eden space 12288K, 100% used [0x00000000d5580000,0x00000000d6180000,0x00000000d6180000)
  from space 3072K, 94% used [0x00000000d6180000,0x00000000d6455240,0x00000000d6480000)
  to   space 4608K, 0% used [0x00000000d6600000,0x00000000d6600000,0x00000000d6a80000)
 ParOldGen       total 84992K, used 84588K [0x0000000080000000, 0x0000000085300000, 0x00000000d5580000)
  object space 84992K, 99% used [0x0000000080000000,0x000000008529b370,0x0000000085300000)
 Metaspace       used 61809K, committed 63104K, reserved 1114112K
  class space    used 6624K, committed 7232K, reserved 1048576K
}
Event: 12.338 GC heap after
{Heap after GC invocations=51 (full 3):
 PSYoungGen      total 15360K, used 2562K [0x00000000d5580000, 0x00000000d6900000, 0x0000000100000000)
  eden space 12288K, 0% used [0x00000000d5580000,0x00000000d5580000,0x00000000d6180000)
  from space 3072K, 83% used [0x00000000d6600000,0x00000000d6880b50,0x00000000d6900000)
  to   space 3072K, 0% used [0x00000000d6180000,0x00000000d6180000,0x00000000d6480000)
 ParOldGen       total 87552K, used 87302K [0x0000000080000000, 0x0000000085580000, 0x00000000d5580000)
  object space 87552K, 99% used [0x0000000080000000,0x0000000085541bb8,0x0000000085580000)
 Metaspace       used 61809K, committed 63104K, reserved 1114112K
  class space    used 6624K, committed 7232K, reserved 1048576K
}
Event: 12.398 GC heap before
{Heap before GC invocations=52 (full 3):
 PSYoungGen      total 15360K, used 14850K [0x00000000d5580000, 0x00000000d6900000, 0x0000000100000000)
  eden space 12288K, 100% used [0x00000000d5580000,0x00000000d6180000,0x00000000d6180000)
  from space 3072K, 83% used [0x00000000d6600000,0x00000000d6880b50,0x00000000d6900000)
  to   space 3072K, 0% used [0x00000000d6180000,0x00000000d6180000,0x00000000d6480000)
 ParOldGen       total 87552K, used 87302K [0x0000000080000000, 0x0000000085580000, 0x00000000d5580000)
  object space 87552K, 99% used [0x0000000080000000,0x0000000085541bb8,0x0000000085580000)
 Metaspace       used 62156K, committed 63488K, reserved 1114112K
  class space    used 6654K, committed 7296K, reserved 1048576K
}
Event: 12.402 GC heap after
{Heap after GC invocations=52 (full 3):
 PSYoungGen      total 14848K, used 2414K [0x00000000d5580000, 0x00000000d6680000, 0x0000000100000000)
  eden space 12288K, 0% used [0x00000000d5580000,0x00000000d5580000,0x00000000d6180000)
  from space 2560K, 94% used [0x00000000d6180000,0x00000000d63dba88,0x00000000d6400000)
  to   space 2560K, 0% used [0x00000000d6400000,0x00000000d6400000,0x00000000d6680000)
 ParOldGen       total 89600K, used 89557K [0x0000000080000000, 0x0000000085780000, 0x00000000d5580000)
  object space 89600K, 99% used [0x0000000080000000,0x0000000085775630,0x0000000085780000)
 Metaspace       used 62156K, committed 63488K, reserved 1114112K
  class space    used 6654K, committed 7296K, reserved 1048576K
}
Event: 12.452 GC heap before
{Heap before GC invocations=53 (full 3):
 PSYoungGen      total 14848K, used 14702K [0x00000000d5580000, 0x00000000d6680000, 0x0000000100000000)
  eden space 12288K, 100% used [0x00000000d5580000,0x00000000d6180000,0x00000000d6180000)
  from space 2560K, 94% used [0x00000000d6180000,0x00000000d63dba88,0x00000000d6400000)
  to   space 2560K, 0% used [0x00000000d6400000,0x00000000d6400000,0x00000000d6680000)
 ParOldGen       total 89600K, used 89557K [0x0000000080000000, 0x0000000085780000, 0x00000000d5580000)
  object space 89600K, 99% used [0x0000000080000000,0x0000000085775630,0x0000000085780000)
 Metaspace       used 62510K, committed 63872K, reserved 1114112K
  class space    used 6694K, committed 7360K, reserved 1048576K
}

